\BOOKMARK [1][]{Doc-Start}{\376\377\144\130\211\201}{}% 1
\BOOKMARK [1][]{section.1}{\376\377\0001\000\040\213\272\145\207\220\011\230\230\166\204\200\314\146\157\116\016\141\017\116\111}{}% 2
\BOOKMARK [1][]{section.2}{\376\377\0002\000\040\126\375\121\205\131\026\170\024\172\166\163\260\162\266\123\312\123\321\134\125\122\250\140\001}{}% 3
\BOOKMARK [2][]{subsection.2.1}{\376\377\0002\000.\0001\000\040\000N\000-\000g\000r\000a\000m\000\040\213\355\212\000\152\041\127\213}{section.2}% 4
\BOOKMARK [2][]{subsection.2.2}{\376\377\0002\000.\0002\000\040\122\115\231\210\171\136\176\317\177\121\176\334\213\355\212\000\152\041\127\213}{section.2}% 5
\BOOKMARK [2][]{subsection.2.3}{\376\377\0002\000.\0003\000\040\137\252\163\257\171\136\176\317\177\121\176\334\213\355\212\000\152\041\127\213}{section.2}% 6
\BOOKMARK [1][]{section.3}{\376\377\0003\000\040\170\024\172\166\166\356\150\007\124\214\170\024\172\166\121\205\133\271}{}% 7
\BOOKMARK [2][]{subsection.3.1}{\376\377\0003\000.\0001\000\040\131\047\213\315\210\150\225\356\230\230\122\006\147\220}{section.3}% 8
\BOOKMARK [2][]{subsection.3.2}{\376\377\0003\000.\0002\000\040\127\372\116\216\221\307\150\067\217\321\117\074\145\271\154\325}{section.3}% 9
\BOOKMARK [2][]{subsection.3.3}{\376\377\0003\000.\0003\000\040\127\372\116\216\133\127\173\046\176\247\122\053\136\372\152\041\145\271\154\325}{section.3}% 10
\BOOKMARK [2][]{subsection.3.4}{\376\377\0003\000.\0004\000\040\127\372\116\216\213\315\210\150\122\006\211\343\230\204\155\113\145\271\154\325}{section.3}% 11
\BOOKMARK [3][]{subsubsection.3.4.1}{\376\377\0003\000.\0004\000.\0001\000\040\000H\000i\000e\000r\000a\000r\000c\000h\000i\000c\000a\000l\000\040\000S\000o\000f\000t\000m\000a\000x}{subsection.3.4}% 12
\BOOKMARK [3][]{subsubsection.3.4.2}{\376\377\0003\000.\0004\000.\0002\000\040\000L\000i\000g\000h\000t\000R\000N\000N}{subsection.3.4}% 13
\BOOKMARK [1][]{section.4}{\376\377\0004\000\040\142\337\211\343\121\263\166\204\121\163\225\056\225\356\230\230\123\312\133\371\136\224\166\204\170\024\172\166\215\357\176\277}{}% 14
\BOOKMARK [2][]{subsection.4.1}{\376\377\0004\000.\0001\000\040\213\315\200\132\174\173\145\271\154\325\166\204\170\024\172\166}{section.4}% 15
\BOOKMARK [2][]{subsection.4.2}{\376\377\0004\000.\0002\000\040\213\315\210\150\116\244\143\142\173\227\154\325\166\204\170\024\172\166}{section.4}% 16
\BOOKMARK [2][]{subsection.4.3}{\376\377\0004\000.\0003\000\040\127\372\116\216\213\315\210\150\122\006\211\343\166\204\136\372\152\041\145\271\137\017\170\024\172\166}{section.4}% 17
\BOOKMARK [1][]{section.5}{\376\377\0005\000\040\213\272\145\207\170\024\172\166\213\241\122\022}{}% 18
\BOOKMARK [1][]{section.6}{\376\377\0006\000\040\140\073\176\323\116\016\134\125\147\033}{}% 19
\BOOKMARK [1][]{section.6}{\376\377\123\302\200\003\145\207\163\056}{}% 20
