\BOOKMARK [1][]{Doc-Start}{\376\377\144\130\211\201}{}% 1
\BOOKMARK [1][]{section.1}{\376\377\0001\000\040\213\272\145\207\135\345\117\134\213\241\122\022}{}% 2
\BOOKMARK [2][]{subsection.1.1}{\376\377\0001\000.\0001\000\040\213\272\145\207\170\024\172\166\166\356\150\007}{section.1}% 3
\BOOKMARK [2][]{subsection.1.2}{\376\377\0001\000.\0002\000\040\213\272\145\207\116\073\211\201\170\024\172\166\121\205\133\271}{section.1}% 4
\BOOKMARK [1][]{section.2}{\376\377\0002\000\040\135\362\176\317\133\214\142\020\166\204\135\345\117\134}{}% 5
\BOOKMARK [2][]{subsection.2.1}{\376\377\0002\000.\0001\000\040\213\355\212\000\152\041\127\213}{section.2}% 6
\BOOKMARK [3][]{subsubsection.2.1.1}{\376\377\0002\000.\0001\000.\0001\000\040\127\372\116\216\176\337\213\241\166\204\213\355\212\000\152\041\127\213}{subsection.2.1}% 7
\BOOKMARK [3][]{subsubsection.2.1.2}{\376\377\0002\000.\0001\000.\0002\000\040\127\372\116\216\137\252\163\257\171\136\176\317\177\121\176\334\213\355\212\000\152\041\127\213}{subsection.2.1}% 8
\BOOKMARK [2][]{subsection.2.2}{\376\377\0002\000.\0002\000\040\131\047\213\315\210\150\225\356\230\230\122\006\147\220}{section.2}% 9
\BOOKMARK [2][]{subsection.2.3}{\376\377\0002\000.\0003\000\040\127\372\116\216\221\307\150\067\217\321\117\074\145\271\154\325}{section.2}% 10
\BOOKMARK [2][]{subsection.2.4}{\376\377\0002\000.\0004\000\040\127\372\116\216\133\127\173\046\176\247\122\053\136\372\152\041\145\271\154\325}{section.2}% 11
\BOOKMARK [2][]{subsection.2.5}{\376\377\0002\000.\0005\000\040\127\372\116\216\213\315\210\150\122\006\211\343\230\204\155\113\145\271\154\325}{section.2}% 12
\BOOKMARK [3][]{subsubsection.2.5.1}{\376\377\0002\000.\0005\000.\0001\000\040\000H\000i\000e\000r\000a\000r\000c\000h\000i\000c\000a\000l\000\040\000S\000o\000f\000t\000m\000a\000x}{subsection.2.5}% 13
\BOOKMARK [3][]{subsubsection.2.5.2}{\376\377\0002\000.\0005\000.\0002\000\040\000L\000i\000g\000h\000t\000R\000N\000N}{subsection.2.5}% 14
\BOOKMARK [1][]{section.3}{\376\377\0003\000\040\121\163\225\056\142\200\147\057\124\214\226\276\160\271}{}% 15
\BOOKMARK [2][]{subsection.3.1}{\376\377\0003\000.\0001\000\040\137\252\163\257\171\136\176\317\177\121\176\334\123\312\121\166\123\330\171\315}{section.3}% 16
\BOOKMARK [2][]{subsection.3.2}{\376\377\0003\000.\0002\000\040\213\315\210\150\122\006\211\343\145\271\150\110}{section.3}% 17
\BOOKMARK [2][]{subsection.3.3}{\376\377\0003\000.\0003\000\040\213\315\210\150\122\006\211\343\210\150\171\072\166\204\136\372\152\041\145\271\154\325\170\024\172\166}{section.3}% 18
\BOOKMARK [1][]{section.4}{\376\377\0004\000\040\116\013\116\000\226\066\153\265\135\345\117\134\213\241\122\022}{}% 19
\BOOKMARK [2][]{subsection.4.1}{\376\377\0004\000.\0001\000\040\145\366\225\364\133\211\143\222}{section.4}% 20
\BOOKMARK [2][]{subsection.4.2}{\376\377\0004\000.\0002\000\040\133\130\127\050\166\204\225\356\230\230}{section.4}% 21
\BOOKMARK [1][]{section.5}{\376\377\0005\000\040\140\073\176\323\116\016\134\125\147\033}{}% 22
\BOOKMARK [1][]{section.5}{\376\377\123\302\200\003\145\207\163\056}{}% 23
